<?xml version="1.0" encoding="UTF-8"?>
<!-- Generated by org.testng.reporters.JUnitReportReporter -->
<testsuite hostname="dell-Latitude-3510" failures="0" tests="2" name="TestNg_learning.AnnotationClass" time="0.007" errors="0" timestamp="2025-10-29T13:50:24 IST" skipped="0">
  <testcase classname="TestNg_learning.AnnotationClass" name="test1" time="0.005"/>
  <testcase classname="TestNg_learning.AnnotationClass" name="test2" time="0.002"/>
</testsuite> <!-- TestNg_learning.AnnotationClass -->
