<?xml version="1.0" encoding="UTF-8"?>
<!-- Generated by org.testng.reporters.JUnitReportReporter -->
<testsuite hostname="dell-Latitude-3510" failures="0" tests="3" name="TestNg_learning.GroupTest" time="0.011" errors="0" timestamp="2025-10-29T17:09:35 IST" skipped="0">
  <testcase classname="TestNg_learning.GroupTest" name="beforeTest" time="0.001"/>
  <testcase classname="TestNg_learning.GroupTest" name="test2" time="0.002"/>
  <testcase classname="TestNg_learning.GroupTest" name="beforeClass" time="0.008"/>
</testsuite> <!-- TestNg_learning.GroupTest -->
