<?xml version="1.0" encoding="UTF-8"?>
<!-- Generated by org.testng.reporters.JUnitXMLReporter -->
<testsuite ignored="2" hostname="dell-Latitude-3510" failures="0" tests="3" name="Test" time="0.065" errors="0" timestamp="2025-10-29T17:09:35 IST">
  <testcase classname="TestNg_learning.GroupTest" name="beforeClass" time="0.008"/>
  <testcase classname="TestNg_learning.GroupTest" name="beforeTest" time="0.001"/>
  <testcase classname="TestNg_learning.GroupTest" name="test2" time="0.002"/>
  <testcase classname="TestNg_learning.GroupTest" name="test1" time="0.0">
    <ignored/>
  </testcase> <!-- test1 -->
  <testcase classname="TestNg_learning.GroupTest" name="beforeMethod" time="0.0">
    <ignored/>
  </testcase> <!-- beforeMethod -->
</testsuite> <!-- Test -->
